#
# There is insufficient memory for the Java Runtime Environment to continue.
# Native memory allocation (mmap) failed to map 16106127360 bytes for committing reserved memory.
# Possible reasons:
#   The system is out of physical RAM or swap space
#   In 32 bit mode, the process size limit was hit
# Possible solutions:
#   Reduce memory load on the system
#   Increase physical memory or swap space
#   Check if swap backing store is full
#   Use 64 bit Java on a 64 bit OS
#   Decrease Java heap size (-Xmx/-Xms)
#   Decrease number of Java threads
#   Decrease Java thread stack sizes (-Xss)
#   Set larger code cache with -XX:ReservedCodeCacheSize=
# This output file may be truncated or incomplete.
#
#  Out of Memory Error (os_linux.cpp:2643), pid=20229, tid=0x00007fae166b5700
#
# JRE version:  (8.0_171-b11) (build )
# Java VM: OpenJDK 64-Bit Server VM (25.171-b11 mixed mode linux-amd64 )
# Failed to write core dump. Core dumps have been disabled. To enable core dumping, try "ulimit -c unlimited" before starting Java again
#

---------------  T H R E A D  ---------------

Current thread (0x00007fae0c00b800):  JavaThread "Unknown thread" [_thread_in_vm, id=20292, stack(0x00007fae165b6000,0x00007fae166b6000)]

Stack: [0x00007fae165b6000,0x00007fae166b6000],  sp=0x00007fae166b45a0,  free space=1017k
Native frames: (J=compiled Java code, j=interpreted, Vv=VM code, C=native code)
V  [libjvm.so+0xaab382]
V  [libjvm.so+0x4d79a7]
V  [libjvm.so+0x8e66c0]
V  [libjvm.so+0x8e0c1e]
V  [libjvm.so+0x961436]
V  [libjvm.so+0x963486]
V  [libjvm.so+0x2b2ed4]
V  [libjvm.so+0x90e3c1]
V  [libjvm.so+0xa6d97a]
V  [libjvm.so+0xa6dc65]
V  [libjvm.so+0x623caf]
V  [libjvm.so+0xa513bb]
V  [libjvm.so+0x6a6d01]  JNI_CreateJavaVM+0x61
C  [libjli.so+0x2ce3]
C  [libjli.so+0x777d]
C  [libpthread.so.0+0x76db]  start_thread+0xdb


---------------  P R O C E S S  ---------------

Java Threads: ( => current thread )

Other Threads:

=>0x00007fae0c00b800 (exited) JavaThread "Unknown thread" [_thread_in_vm, id=20292, stack(0x00007fae165b6000,0x00007fae166b6000)]

VM state:not at safepoint (not fully initialized)

VM Mutex/Monitor currently owned by a thread: None

GC Heap History (0 events):
No events

Deoptimization events (0 events):
No events

Classes redefined (0 events):
No events

Internal exceptions (0 events):
No events

Events (0 events):
No events


Dynamic libraries:
55ce80c86000-55ce80c87000 r-xp 00000000 08:12 140906706                  /usr/lib/jvm/java-8-openjdk-amd64/jre/bin/java
55ce80e86000-55ce80e87000 r--p 00000000 08:12 140906706                  /usr/lib/jvm/java-8-openjdk-amd64/jre/bin/java
55ce80e87000-55ce80e88000 rw-p 00001000 08:12 140906706                  /usr/lib/jvm/java-8-openjdk-amd64/jre/bin/java
55ce82461000-55ce82482000 rw-p 00000000 00:00 0                          [heap]
7fa2b75ff000-7fa2bcfff000 ---p 00000000 00:00 0 
7fa2bcfff000-7fa2bd000000 rw-p 00000000 00:00 0 
7fa2bd000000-7faa3d000000 ---p 00000000 00:00 0 
7fadfd000000-7fadfd270000 rwxp 00000000 00:00 0 
7fadfd270000-7fae0c000000 ---p 00000000 00:00 0 
7fae0c000000-7fae0c032000 rw-p 00000000 00:00 0 
7fae0c032000-7fae10000000 ---p 00000000 00:00 0 
7fae12b50000-7fae12b5a000 rw-p 00000000 00:00 0 
7fae12b5a000-7fae12f10000 ---p 00000000 00:00 0 
7fae12f10000-7fae12f18000 r-xp 00000000 08:12 140906752                  /usr/lib/jvm/java-8-openjdk-amd64/jre/lib/amd64/libzip.so
7fae12f18000-7fae13117000 ---p 00008000 08:12 140906752                  /usr/lib/jvm/java-8-openjdk-amd64/jre/lib/amd64/libzip.so
7fae13117000-7fae13118000 r--p 00007000 08:12 140906752                  /usr/lib/jvm/java-8-openjdk-amd64/jre/lib/amd64/libzip.so
7fae13118000-7fae13119000 rw-p 00008000 08:12 140906752                  /usr/lib/jvm/java-8-openjdk-amd64/jre/lib/amd64/libzip.so
7fae13119000-7fae13124000 r-xp 00000000 08:12 91624073                   /lib/x86_64-linux-gnu/libnss_files-2.27.so
7fae13124000-7fae13323000 ---p 0000b000 08:12 91624073                   /lib/x86_64-linux-gnu/libnss_files-2.27.so
7fae13323000-7fae13324000 r--p 0000a000 08:12 91624073                   /lib/x86_64-linux-gnu/libnss_files-2.27.so
7fae13324000-7fae13325000 rw-p 0000b000 08:12 91624073                   /lib/x86_64-linux-gnu/libnss_files-2.27.so
7fae13325000-7fae1332b000 rw-p 00000000 00:00 0 
7fae1332b000-7fae13342000 r-xp 00000000 08:12 91624067                   /lib/x86_64-linux-gnu/libnsl-2.27.so
7fae13342000-7fae13541000 ---p 00017000 08:12 91624067                   /lib/x86_64-linux-gnu/libnsl-2.27.so
7fae13541000-7fae13542000 r--p 00016000 08:12 91624067                   /lib/x86_64-linux-gnu/libnsl-2.27.so
7fae13542000-7fae13543000 rw-p 00017000 08:12 91624067                   /lib/x86_64-linux-gnu/libnsl-2.27.so
7fae13543000-7fae13545000 rw-p 00000000 00:00 0 
7fae13545000-7fae13550000 r-xp 00000000 08:12 91624084                   /lib/x86_64-linux-gnu/libnss_nis-2.27.so
7fae13550000-7fae1374f000 ---p 0000b000 08:12 91624084                   /lib/x86_64-linux-gnu/libnss_nis-2.27.so
7fae1374f000-7fae13750000 r--p 0000a000 08:12 91624084                   /lib/x86_64-linux-gnu/libnss_nis-2.27.so
7fae13750000-7fae13751000 rw-p 0000b000 08:12 91624084                   /lib/x86_64-linux-gnu/libnss_nis-2.27.so
7fae13751000-7fae13759000 r-xp 00000000 08:12 91624069                   /lib/x86_64-linux-gnu/libnss_compat-2.27.so
7fae13759000-7fae13959000 ---p 00008000 08:12 91624069                   /lib/x86_64-linux-gnu/libnss_compat-2.27.so
7fae13959000-7fae1395a000 r--p 00008000 08:12 91624069                   /lib/x86_64-linux-gnu/libnss_compat-2.27.so
7fae1395a000-7fae1395b000 rw-p 00009000 08:12 91624069                   /lib/x86_64-linux-gnu/libnss_compat-2.27.so
7fae1395b000-7fae13989000 r-xp 00000000 08:12 140906733                  /usr/lib/jvm/java-8-openjdk-amd64/jre/lib/amd64/libjava.so
7fae13989000-7fae13b88000 ---p 0002e000 08:12 140906733                  /usr/lib/jvm/java-8-openjdk-amd64/jre/lib/amd64/libjava.so
7fae13b88000-7fae13b89000 r--p 0002d000 08:12 140906733                  /usr/lib/jvm/java-8-openjdk-amd64/jre/lib/amd64/libjava.so
7fae13b89000-7fae13b8b000 rw-p 0002e000 08:12 140906733                  /usr/lib/jvm/java-8-openjdk-amd64/jre/lib/amd64/libjava.so
7fae13b8b000-7fae13b9b000 r-xp 00000000 08:12 140906751                  /usr/lib/jvm/java-8-openjdk-amd64/jre/lib/amd64/libverify.so
7fae13b9b000-7fae13d9a000 ---p 00010000 08:12 140906751                  /usr/lib/jvm/java-8-openjdk-amd64/jre/lib/amd64/libverify.so
7fae13d9a000-7fae13d9c000 r--p 0000f000 08:12 140906751                  /usr/lib/jvm/java-8-openjdk-amd64/jre/lib/amd64/libverify.so
7fae13d9c000-7fae13d9d000 rw-p 00011000 08:12 140906751                  /usr/lib/jvm/java-8-openjdk-amd64/jre/lib/amd64/libverify.so
7fae13d9d000-7fae13da4000 r-xp 00000000 08:12 91624124                   /lib/x86_64-linux-gnu/librt-2.27.so
7fae13da4000-7fae13fa3000 ---p 00007000 08:12 91624124                   /lib/x86_64-linux-gnu/librt-2.27.so
7fae13fa3000-7fae13fa4000 r--p 00006000 08:12 91624124                   /lib/x86_64-linux-gnu/librt-2.27.so
7fae13fa4000-7fae13fa5000 rw-p 00007000 08:12 91624124                   /lib/x86_64-linux-gnu/librt-2.27.so
7fae13fa5000-7fae13fbc000 r-xp 00000000 08:12 91624020                   /lib/x86_64-linux-gnu/libgcc_s.so.1
7fae13fbc000-7fae141bb000 ---p 00017000 08:12 91624020                   /lib/x86_64-linux-gnu/libgcc_s.so.1
7fae141bb000-7fae141bc000 r--p 00016000 08:12 91624020                   /lib/x86_64-linux-gnu/libgcc_s.so.1
7fae141bc000-7fae141bd000 rw-p 00017000 08:12 91624020                   /lib/x86_64-linux-gnu/libgcc_s.so.1
7fae141bd000-7fae1435a000 r-xp 00000000 08:12 91624046                   /lib/x86_64-linux-gnu/libm-2.27.so
7fae1435a000-7fae14559000 ---p 0019d000 08:12 91624046                   /lib/x86_64-linux-gnu/libm-2.27.so
7fae14559000-7fae1455a000 r--p 0019c000 08:12 91624046                   /lib/x86_64-linux-gnu/libm-2.27.so
7fae1455a000-7fae1455b000 rw-p 0019d000 08:12 91624046                   /lib/x86_64-linux-gnu/libm-2.27.so
7fae1455b000-7fae146d9000 r-xp 00000000 08:12 140910732                  /usr/lib/x86_64-linux-gnu/libstdc++.so.6.0.25
7fae146d9000-7fae148d9000 ---p 0017e000 08:12 140910732                  /usr/lib/x86_64-linux-gnu/libstdc++.so.6.0.25
7fae148d9000-7fae148e3000 r--p 0017e000 08:12 140910732                  /usr/lib/x86_64-linux-gnu/libstdc++.so.6.0.25
7fae148e3000-7fae148e5000 rw-p 00188000 08:12 140910732                  /usr/lib/x86_64-linux-gnu/libstdc++.so.6.0.25
7fae148e5000-7fae148e9000 rw-p 00000000 00:00 0 
7fae148e9000-7fae1557a000 r-xp 00000000 08:12 140906755                  /usr/lib/jvm/java-8-openjdk-amd64/jre/lib/amd64/server/libjvm.so
7fae1557a000-7fae1577a000 ---p 00c91000 08:12 140906755                  /usr/lib/jvm/java-8-openjdk-amd64/jre/lib/amd64/server/libjvm.so
7fae1577a000-7fae1580d000 r--p 00c91000 08:12 140906755                  /usr/lib/jvm/java-8-openjdk-amd64/jre/lib/amd64/server/libjvm.so
7fae1580d000-7fae15835000 rw-p 00d24000 08:12 140906755                  /usr/lib/jvm/java-8-openjdk-amd64/jre/lib/amd64/server/libjvm.so
7fae15835000-7fae15866000 rw-p 00000000 00:00 0 
7fae15866000-7fae15880000 r-xp 00000000 08:12 91624116                   /lib/x86_64-linux-gnu/libpthread-2.27.so
7fae15880000-7fae15a7f000 ---p 0001a000 08:12 91624116                   /lib/x86_64-linux-gnu/libpthread-2.27.so
7fae15a7f000-7fae15a80000 r--p 00019000 08:12 91624116                   /lib/x86_64-linux-gnu/libpthread-2.27.so
7fae15a80000-7fae15a81000 rw-p 0001a000 08:12 91624116                   /lib/x86_64-linux-gnu/libpthread-2.27.so
7fae15a81000-7fae15a85000 rw-p 00000000 00:00 0 
7fae15a85000-7fae15a88000 r-xp 00000000 08:12 91624006                   /lib/x86_64-linux-gnu/libdl-2.27.so
7fae15a88000-7fae15c87000 ---p 00003000 08:12 91624006                   /lib/x86_64-linux-gnu/libdl-2.27.so
7fae15c87000-7fae15c88000 r--p 00002000 08:12 91624006                   /lib/x86_64-linux-gnu/libdl-2.27.so
7fae15c88000-7fae15c89000 rw-p 00003000 08:12 91624006                   /lib/x86_64-linux-gnu/libdl-2.27.so
7fae15c89000-7fae15ca5000 r-xp 00000000 08:12 91624155                   /lib/x86_64-linux-gnu/libz.so.1.2.11
7fae15ca5000-7fae15ea4000 ---p 0001c000 08:12 91624155                   /lib/x86_64-linux-gnu/libz.so.1.2.11
7fae15ea4000-7fae15ea5000 r--p 0001b000 08:12 91624155                   /lib/x86_64-linux-gnu/libz.so.1.2.11
7fae15ea5000-7fae15ea6000 rw-p 0001c000 08:12 91624155                   /lib/x86_64-linux-gnu/libz.so.1.2.11
7fae15ea6000-7fae1608d000 r-xp 00000000 08:12 91623983                   /lib/x86_64-linux-gnu/libc-2.27.so
7fae1608d000-7fae1628d000 ---p 001e7000 08:12 91623983                   /lib/x86_64-linux-gnu/libc-2.27.so
7fae1628d000-7fae16291000 r--p 001e7000 08:12 91623983                   /lib/x86_64-linux-gnu/libc-2.27.so
7fae16291000-7fae16293000 rw-p 001eb000 08:12 91623983                   /lib/x86_64-linux-gnu/libc-2.27.so
7fae16293000-7fae16297000 rw-p 00000000 00:00 0 
7fae16297000-7fae162a5000 r-xp 00000000 08:12 140906719                  /usr/lib/jvm/java-8-openjdk-amd64/jre/lib/amd64/jli/libjli.so
7fae162a5000-7fae164a4000 ---p 0000e000 08:12 140906719                  /usr/lib/jvm/java-8-openjdk-amd64/jre/lib/amd64/jli/libjli.so
7fae164a4000-7fae164a5000 r--p 0000d000 08:12 140906719                  /usr/lib/jvm/java-8-openjdk-amd64/jre/lib/amd64/jli/libjli.so
7fae164a5000-7fae164a6000 rw-p 0000e000 08:12 140906719                  /usr/lib/jvm/java-8-openjdk-amd64/jre/lib/amd64/jli/libjli.so
7fae164a6000-7fae164cd000 r-xp 00000000 08:12 91623955                   /lib/x86_64-linux-gnu/ld-2.27.so
7fae165b5000-7fae165b6000 ---p 00000000 00:00 0 
7fae165b6000-7fae165b9000 ---p 00000000 00:00 0 
7fae165b9000-7fae166b8000 rw-p 00000000 00:00 0 
7fae166c1000-7fae166c9000 rw-s 00000000 08:12 34210288                   /tmp/hsperfdata_stafman/20229
7fae166c9000-7fae166ca000 rw-p 00000000 00:00 0 
7fae166ca000-7fae166cb000 r--p 00000000 00:00 0 
7fae166cb000-7fae166cd000 rw-p 00000000 00:00 0 
7fae166cd000-7fae166ce000 r--p 00027000 08:12 91623955                   /lib/x86_64-linux-gnu/ld-2.27.so
7fae166ce000-7fae166cf000 rw-p 00028000 08:12 91623955                   /lib/x86_64-linux-gnu/ld-2.27.so
7fae166cf000-7fae166d0000 rw-p 00000000 00:00 0 
7ffc8d6c8000-7ffc8d6e9000 rw-p 00000000 00:00 0                          [stack]
7ffc8d7bb000-7ffc8d7be000 r--p 00000000 00:00 0                          [vvar]
7ffc8d7be000-7ffc8d7c0000 r-xp 00000000 00:00 0                          [vdso]
ffffffffff600000-ffffffffff601000 r-xp 00000000 00:00 0                  [vsyscall]

VM Arguments:
jvm_args: -Xms45g -Xmx45g 
java_command: org.apache.spark.deploy.SparkSubmit --master local[*] --conf spark.driver.memory=45g --conf spark.app.name=tpchconvert --class org.apache.spark.examples.sql.hive.DBgen2Parquet --packages com.databricks:spark-csv_2.10:1.3.0 --executor-memory 45g examples/target/scala-2.10/spark-examples-1.4.3-SNAPSHOT-hadoop2.2.0.jar
java_class_path (initial): /home/stafman/iolap/iolap/conf/:/home/stafman/iolap/iolap/assembly/target/scala-2.10/spark-assembly-1.4.3-SNAPSHOT-hadoop2.2.0.jar:/home/stafman/iolap/iolap/lib_managed/jars/datanucleus-core-3.2.10.jar:/home/stafman/iolap/iolap/lib_managed/jars/datanucleus-rdbms-3.2.9.jar:/home/stafman/iolap/iolap/lib_managed/jars/datanucleus-api-jdo-3.2.6.jar
Launcher Type: SUN_STANDARD

Environment Variables:
PATH=/usr/local/sbin:/usr/local/bin:/usr/sbin:/usr/bin:/sbin:/bin:/usr/games:/usr/local/games:/snap/bin
SHELL=/bin/bash

Signal Handlers:
SIGSEGV: [libjvm.so+0xaabcd0], sa_mask[0]=11111111011111111101111111111110, sa_flags=SA_RESTART|SA_SIGINFO
SIGBUS: [libjvm.so+0xaabcd0], sa_mask[0]=11111111011111111101111111111110, sa_flags=SA_RESTART|SA_SIGINFO
SIGFPE: [libjvm.so+0x8e1d50], sa_mask[0]=11111111011111111101111111111110, sa_flags=SA_RESTART|SA_SIGINFO
SIGPIPE: [libjvm.so+0x8e1d50], sa_mask[0]=11111111011111111101111111111110, sa_flags=SA_RESTART|SA_SIGINFO
SIGXFSZ: [libjvm.so+0x8e1d50], sa_mask[0]=11111111011111111101111111111110, sa_flags=SA_RESTART|SA_SIGINFO
SIGILL: [libjvm.so+0x8e1d50], sa_mask[0]=11111111011111111101111111111110, sa_flags=SA_RESTART|SA_SIGINFO
SIGUSR1: SIG_DFL, sa_mask[0]=00000000000000000000000000000000, sa_flags=none
SIGUSR2: [libjvm.so+0x8e1c00], sa_mask[0]=00000000000000000000000000000000, sa_flags=SA_RESTART|SA_SIGINFO
SIGHUP: SIG_DFL, sa_mask[0]=00000000000000000000000000000000, sa_flags=none
SIGINT: SIG_DFL, sa_mask[0]=00000000000000000000000000000000, sa_flags=none
SIGTERM: SIG_DFL, sa_mask[0]=00000000000000000000000000000000, sa_flags=none
SIGQUIT: SIG_DFL, sa_mask[0]=00000000000000000000000000000000, sa_flags=none


---------------  S Y S T E M  ---------------

OS:DISTRIB_ID=Ubuntu
DISTRIB_RELEASE=18.04
DISTRIB_CODENAME=bionic
DISTRIB_DESCRIPTION="Ubuntu 18.04 LTS"

uname:Linux 4.15.0-24-generic #26-Ubuntu SMP Wed Jun 13 08:44:47 UTC 2018 x86_64
libc:glibc 2.27 NPTL 2.27 
rlimit: STACK 8192k, CORE 0k, NPROC 30534, NOFILE 1048576, AS infinity
load average:0.03 0.03 0.00

/proc/meminfo:
MemTotal:        8104852 kB
MemFree:         2488616 kB
MemAvailable:    6065996 kB
Buffers:          467968 kB
Cached:          2926036 kB
SwapCached:            0 kB
Active:          3002796 kB
Inactive:        1829376 kB
Active(anon):     983068 kB
Inactive(anon):   523152 kB
Active(file):    2019728 kB
Inactive(file):  1306224 kB
Unevictable:         648 kB
Mlocked:             648 kB
SwapTotal:       2097148 kB
SwapFree:        2097148 kB
Dirty:               192 kB
Writeback:             0 kB
AnonPages:       1439040 kB
Mapped:           402752 kB
Shmem:             68048 kB
Slab:             627316 kB
SReclaimable:     555164 kB
SUnreclaim:        72152 kB
KernelStack:       10512 kB
PageTables:        48292 kB
NFS_Unstable:          0 kB
Bounce:                0 kB
WritebackTmp:          0 kB
CommitLimit:     6149572 kB
Committed_AS:    6715720 kB
VmallocTotal:   34359738367 kB
VmallocUsed:           0 kB
VmallocChunk:          0 kB
HardwareCorrupted:     0 kB
AnonHugePages:         0 kB
ShmemHugePages:        0 kB
ShmemPmdMapped:        0 kB
CmaTotal:              0 kB
CmaFree:               0 kB
HugePages_Total:       0
HugePages_Free:        0
HugePages_Rsvd:        0
HugePages_Surp:        0
Hugepagesize:       2048 kB
DirectMap4k:      227332 kB
DirectMap2M:     7049216 kB
DirectMap1G:     2097152 kB


CPU:total 4 (initial active 4) (4 cores per cpu, 1 threads per core) family 6 model 60 stepping 3, cmov, cx8, fxsr, mmx, sse, sse2, sse3, ssse3, sse4.1, sse4.2, popcnt, avx, avx2, aes, clmul, erms, lzcnt, tsc, tscinvbit, bmi1, bmi2

/proc/cpuinfo:
processor	: 0
vendor_id	: GenuineIntel
cpu family	: 6
model		: 60
model name	: Intel(R) Core(TM) i5-4670K CPU @ 3.40GHz
stepping	: 3
microcode	: 0x24
cpu MHz		: 3231.761
cache size	: 6144 KB
physical id	: 0
siblings	: 4
core id		: 0
cpu cores	: 4
apicid		: 0
initial apicid	: 0
fpu		: yes
fpu_exception	: yes
cpuid level	: 13
wp		: yes
flags		: fpu vme de pse tsc msr pae mce cx8 apic sep mtrr pge mca cmov pat pse36 clflush dts acpi mmx fxsr sse sse2 ss ht tm pbe syscall nx pdpe1gb rdtscp lm constant_tsc arch_perfmon pebs bts rep_good nopl xtopology nonstop_tsc cpuid aperfmperf pni pclmulqdq dtes64 monitor ds_cpl vmx est tm2 ssse3 sdbg fma cx16 xtpr pdcm pcid sse4_1 sse4_2 movbe popcnt tsc_deadline_timer aes xsave avx f16c rdrand lahf_lm abm cpuid_fault epb invpcid_single pti ibrs ibpb stibp tpr_shadow vnmi flexpriority ept vpid fsgsbase tsc_adjust bmi1 avx2 smep bmi2 erms invpcid xsaveopt dtherm ida arat pln pts
bugs		: cpu_meltdown spectre_v1 spectre_v2 spec_store_bypass
bogomips	: 6795.75
clflush size	: 64
cache_alignment	: 64
address sizes	: 39 bits physical, 48 bits virtual
power management:

processor	: 1
vendor_id	: GenuineIntel
cpu family	: 6
model		: 60
model name	: Intel(R) Core(TM) i5-4670K CPU @ 3.40GHz
stepping	: 3
microcode	: 0x24
cpu MHz		: 3173.316
cache size	: 6144 KB
physical id	: 0
siblings	: 4
core id		: 1
cpu cores	: 4
apicid		: 2
initial apicid	: 2
fpu		: yes
fpu_exception	: yes
cpuid level	: 13
wp		: yes
flags		: fpu vme de pse tsc msr pae mce cx8 apic sep mtrr pge mca cmov pat pse36 clflush dts acpi mmx fxsr sse sse2 ss ht tm pbe syscall nx pdpe1gb rdtscp lm constant_tsc arch_perfmon pebs bts rep_good nopl xtopology nonstop_tsc cpuid aperfmperf pni pclmulqdq dtes64 monitor ds_cpl vmx est tm2 ssse3 sdbg fma cx16 xtpr pdcm pcid sse4_1 sse4_2 movbe popcnt tsc_deadline_timer aes xsave avx f16c rdrand lahf_lm abm cpuid_fault epb invpcid_single pti ibrs ibpb stibp tpr_shadow vnmi flexpriority ept vpid fsgsbase tsc_adjust bmi1 avx2 smep bmi2 erms invpcid xsaveopt dtherm ida arat pln pts
bugs		: cpu_meltdown spectre_v1 spectre_v2 spec_store_bypass
bogomips	: 6795.75
clflush size	: 64
cache_alignment	: 64
address sizes	: 39 bits physical, 48 bits virtual
power management:

processor	: 2
vendor_id	: GenuineIntel
cpu family	: 6
model		: 60
model name	: Intel(R) Core(TM) i5-4670K CPU @ 3.40GHz
stepping	: 3
microcode	: 0x24
cpu MHz		: 2886.391
cache size	: 6144 KB
physical id	: 0
siblings	: 4
core id		: 2
cpu cores	: 4
apicid		: 4
initial apicid	: 4
fpu		: yes
fpu_exception	: yes
cpuid level	: 13
wp		: yes
flags		: fpu vme de pse tsc msr pae mce cx8 apic sep mtrr pge mca cmov pat pse36 clflush dts acpi mmx fxsr sse sse2 ss ht tm pbe syscall nx pdpe1gb rdtscp lm constant_tsc arch_perfmon pebs bts rep_good nopl xtopology nonstop_tsc cpuid aperfmperf pni pclmulqdq dtes64 monitor ds_cpl vmx est tm2 ssse3 sdbg fma cx16 xtpr pdcm pcid sse4_1 sse4_2 movbe popcnt tsc_deadline_timer aes xsave avx f16c rdrand lahf_lm abm cpuid_fault epb invpcid_single pti ibrs ibpb stibp tpr_shadow vnmi flexpriority ept vpid fsgsbase tsc_adjust bmi1 avx2 smep bmi2 erms invpcid xsaveopt dtherm ida arat pln pts
bugs		: cpu_meltdown spectre_v1 spectre_v2 spec_store_bypass
bogomips	: 6795.75
clflush size	: 64
cache_alignment	: 64
address sizes	: 39 bits physical, 48 bits virtual
power management:

processor	: 3
vendor_id	: GenuineIntel
cpu family	: 6
model		: 60
model name	: Intel(R) Core(TM) i5-4670K CPU @ 3.40GHz
stepping	: 3
microcode	: 0x24
cpu MHz		: 3220.648
cache size	: 6144 KB
physical id	: 0
siblings	: 4
core id		: 3
cpu cores	: 4
apicid		: 6
initial apicid	: 6
fpu		: yes
fpu_exception	: yes
cpuid level	: 13
wp		: yes
flags		: fpu vme de pse tsc msr pae mce cx8 apic sep mtrr pge mca cmov pat pse36 clflush dts acpi mmx fxsr sse sse2 ss ht tm pbe syscall nx pdpe1gb rdtscp lm constant_tsc arch_perfmon pebs bts rep_good nopl xtopology nonstop_tsc cpuid aperfmperf pni pclmulqdq dtes64 monitor ds_cpl vmx est tm2 ssse3 sdbg fma cx16 xtpr pdcm pcid sse4_1 sse4_2 movbe popcnt tsc_deadline_timer aes xsave avx f16c rdrand lahf_lm abm cpuid_fault epb invpcid_single pti ibrs ibpb stibp tpr_shadow vnmi flexpriority ept vpid fsgsbase tsc_adjust bmi1 avx2 smep bmi2 erms invpcid xsaveopt dtherm ida arat pln pts
bugs		: cpu_meltdown spectre_v1 spectre_v2 spec_store_bypass
bogomips	: 6795.75
clflush size	: 64
cache_alignment	: 64
address sizes	: 39 bits physical, 48 bits virtual
power management:



Memory: 4k page, physical 8104852k(2488624k free), swap 2097148k(2097148k free)

vm_info: OpenJDK 64-Bit Server VM (25.171-b11) for linux-amd64 JRE (1.8.0_171-8u171-b11-0ubuntu0.18.04.1-b11), built on Apr 26 2018 15:59:34 by "buildd" with gcc 7.3.0

time: Mon Jul  2 22:50:17 2018
elapsed time: 0 seconds (0d 0h 0m 0s)

